\BOOKMARK [0][-]{section*.2}{\376\377\000A\000d\000a\000p\000t\000i\000v\000e\000-\000d\000e\000p\000t\000h\000\040\000r\000a\000n\000d\000o\000m\000i\000z\000e\000d\000\040\000m\000e\000a\000s\000u\000r\000e\000m\000e\000n\000t\000\040\000f\000o\000r\000\040\000f\000e\000r\000m\000i\000o\000n\000i\000c\000\040\000o\000b\000s\000e\000r\000v\000a\000b\000l\000e\000s}{}% 2
\BOOKMARK [1][-]{section*.1}{\376\377\000A\000b\000s\000t\000r\000a\000c\000t}{section*.2}% 1
\BOOKMARK [1][-]{section*.3}{\376\377\000I\000n\000t\000r\000o\000d\000u\000c\000t\000i\000o\000n}{section*.2}% 3
\BOOKMARK [1][-]{section*.5}{\376\377\000P\000r\000e\000l\000i\000m\000i\000n\000a\000r\000y}{section*.2}% 4
\BOOKMARK [1][-]{section*.6}{\376\377\000A\000d\000a\000p\000t\000i\000v\000e\000-\000d\000e\000p\000t\000h\000\040\000f\000e\000r\000m\000i\000o\000n\000i\000c\000\040\000c\000l\000a\000s\000s\000i\000c\000a\000l\000\040\000s\000h\000a\000d\000o\000w\000s}{section*.2}% 5
\BOOKMARK [2][-]{section*.7}{\376\377\000S\000h\000a\000d\000o\000w\000\040\000c\000h\000a\000n\000n\000e\000l\000\040\000a\000n\000a\000l\000y\000s\000i\000s\000\040\000i\000n\000\040\000A\000D\000F\000C\000S}{section*.6}% 6
\BOOKMARK [2][-]{section*.8}{\376\377\000T\000e\000n\000s\000o\000r\000\040\000n\000e\000t\000w\000o\000r\000k\000\040\000a\000p\000p\000r\000o\000a\000c\000h\000\040\000t\000o\000\040\000v\000a\000r\000i\000a\000n\000c\000e\000\040\000b\000o\000u\000n\000d}{section*.6}% 7
\BOOKMARK [2][-]{section*.10}{\376\377\000A\000d\000a\000p\000t\000i\000v\000e\000\040\000d\000e\000p\000t\000h\000\040\000f\000o\000r\000\040\000t\000w\000o\000-\000l\000o\000c\000a\000l\000\040\000M\000a\000j\000o\000r\000a\000n\000a\000\040\000s\000t\000r\000i\000n\000g\000s}{section*.6}% 8
\BOOKMARK [2][-]{section*.11}{\376\377\000A\000d\000a\000p\000t\000i\000v\000e\000\040\000d\000e\000p\000t\000h\000\040\000f\000o\000r\000\040\000g\000e\000n\000e\000r\000a\000l\000\040\000k\000-\000l\000o\000c\000a\000l\000\040\000M\000a\000j\000o\000r\000a\000n\000a\000\040\000s\000t\000r\000i\000n\000g\000s}{section*.6}% 9
\BOOKMARK [1][-]{section*.14}{\376\377\000N\000u\000m\000e\000r\000i\000c\000a\000l\000\040\000e\000x\000p\000e\000r\000i\000m\000e\000n\000t}{section*.2}% 10
\BOOKMARK [1][-]{section*.15}{\376\377\000C\000o\000n\000c\000l\000u\000s\000i\000o\000n\000\040\000a\000n\000d\000\040\000d\000i\000s\000c\000u\000s\000s\000i\000o\000n}{section*.2}% 11
\BOOKMARK [1][-]{section*.16}{\376\377\000A\000c\000k\000n\000o\000w\000l\000e\000d\000g\000e\000m\000e\000n\000t\000s}{section*.2}% 12
\BOOKMARK [1][-]{section*.17}{\376\377\000I\000n\000t\000r\000o\000d\000u\000c\000t\000i\000o\000n\000\040\000t\000o\000\040\000P\000a\000u\000l\000i\000-\000t\000r\000a\000n\000s\000f\000e\000r\000\040\000m\000a\000t\000r\000i\000x\000\040\000r\000e\000p\000r\000e\000s\000e\000n\000t\000a\000t\000i\000o\000n}{section*.2}% 13
\BOOKMARK [1][-]{section*.18}{\376\377\000M\000a\000j\000o\000r\000a\000n\000a\000\040\000o\000p\000e\000r\000a\000t\000o\000r\000s\000\040\000d\000i\000a\000g\000o\000n\000a\000l\000i\000z\000e\000\040\000s\000h\000a\000d\000o\000w\000\040\000c\000h\000a\000n\000n\000e\000l}{section*.2}% 14
\BOOKMARK [1][-]{section*.19}{\376\377\000B\000o\000u\000n\000d\000\040\000t\000h\000e\000\040\000v\000a\000r\000i\000a\000n\000c\000e\000\040\000o\000f\000\040\000A\000D\000F\000C\000S\000\040\000e\000s\000t\000i\000m\000a\000t\000o\000r\000\040\000w\000i\000t\000h\000\040\000S\000,\000d}{section*.2}% 15
\BOOKMARK [1][-]{section*.20}{\376\377\000D\000e\000t\000a\000i\000l\000s\000\040\000o\000f\000\040\000s\000i\000m\000p\000l\000i\000f\000y\000i\000n\000g\000\040\000S\000,\000d\000\040\000t\000o\000\040\000t\000e\000n\000s\000o\000r\000e\000\040\000n\000e\000t\000w\000o\000r\000k}{section*.2}% 16
\BOOKMARK [1][-]{section*.22}{\376\377\000M\000a\000p\000p\000i\000n\000g\000\040\000t\000h\000e\000\040\000a\000c\000t\000i\000o\000n\000\040\000o\000f\000\040\000t\000e\000n\000s\000o\000r\000s\000\040\000t\000o\000\040\000r\000a\000n\000d\000o\000m\000\040\000w\000a\000l\000k}{section*.2}% 17
\BOOKMARK [2][-]{section*.24}{\376\377\000R\000e\000d\000u\000c\000e\000\040\000t\000h\000e\000\040\000c\000a\000l\000c\000u\000l\000a\000t\000i\000o\000n\000\040\000t\000o\000\040\000p\000o\000l\000y\000n\000o\000m\000i\000a\000l\000\040\000s\000p\000a\000c\000e}{section*.22}% 18
\BOOKMARK [2][-]{section*.26}{\376\377\000M\000a\000p\000p\000i\000n\000g\000\040\000t\000h\000e\000\040\000s\000p\000r\000e\000a\000d\000\040\000o\000f\000\040\000p\000o\000l\000y\000n\000o\000m\000i\000a\000l\000s\000\040\000t\000o\000\040\000r\000a\000n\000d\000o\000m\000\040\000w\000a\000l\000k}{section*.22}% 19
\BOOKMARK [1][-]{section*.29}{\376\377\000E\000s\000t\000i\000m\000a\000t\000e\000\040\000t\000h\000e\000\040\000o\000r\000d\000e\000r\000\040\000o\000f\000\040\000\173\000i\000j\000\175\000,\000\040\0002\000t\000+\0001\000L}{section*.2}% 20
\BOOKMARK [1][-]{section*.30}{\376\377\000T\000h\000e\000\040\000r\000e\000l\000a\000t\000i\000o\000n\000\040\000b\000e\000t\000w\000e\000e\000n\000\040\000\173\000i\000j\000\175\000,\000\040\0002\000t\000+\0001\000L\000\040\000a\000n\000d\000\040\000\173\000i\000j\000\175\000,\000\040\0002\000t\000+\0001\000R}{section*.2}% 21
\BOOKMARK [1][-]{section*.32}{\376\377\000E\000f\000f\000i\000c\000i\000e\000n\000c\000y\000\040\000w\000h\000e\000n\000\040\000t\000h\000e\000\040\000d\000i\000s\000t\000a\000n\000c\000e\000\040\000o\000f\000\040\000s\000e\000t\000\040\000i\000s\000\040\000s\000h\000o\000r\000t}{section*.2}% 22
\BOOKMARK [1][-]{section*.33}{\376\377\000M\000o\000r\000e\000\040\000d\000a\000t\000a\000\040\000f\000o\000r\000\040\000n\000u\000m\000e\000r\000i\000c\000a\000l\000\040\000s\000i\000m\000u\000l\000a\000t\000i\000o\000n}{section*.2}% 23
\BOOKMARK [1][-]{section*.35}{\376\377\000R\000e\000f\000e\000r\000e\000n\000c\000e\000s}{section*.2}% 24
